<?xml version="1.0" encoding="UTF-8"?>
<!-- Generated by org.testng.reporters.JUnitReportReporter -->
<testsuite skipped="0" hostname="LAPTOP-08SLDT4E" name="testcases.Tc01_FlightBook" tests="1" failures="0" timestamp="2021-02-22T12:38:24 IST" time="9.216" errors="0">
  <testcase name="FlightBooking" time="9.216" classname="testcases.Tc01_FlightBook"/>
  <system-out/>
</testsuite> <!-- testcases.Tc01_FlightBook -->
